[     430ms] [INFO] %cDownload the React DevTools for a better development experience: https://reactjs.org/link/react-devtools font-weight:bold @ http://localhost:3000/static/js/bundle.js:55276
[    1080ms] TypeError: credentials.map is not a function
    at VaultPage (http://localhost:3000/static/js/bundle.js:25956:53)
    at renderWithHooks (http://localhost:3000/static/js/bundle.js:42984:22)
    at updateFunctionComponent (http://localhost:3000/static/js/bundle.js:46552:24)
    at beginWork (http://localhost:3000/static/js/bundle.js:48271:20)
    at HTMLUnknownElement.callCallback (http://localhost:3000/static/js/bundle.js:33240:18)
    at Object.invokeGuardedCallbackDev (http://localhost:3000/static/js/bundle.js:33284:20)
    at invokeGuardedCallback (http://localhost:3000/static/js/bundle.js:33341:35)
    at beginWork$1 (http://localhost:3000/static/js/bundle.js:53240:11)
    at performUnitOfWork (http://localhost:3000/static/js/bundle.js:52488:16)
    at workLoopSync (http://localhost:3000/static/js/bundle.js:52411:9)
[    1094ms] TypeError: credentials.map is not a function
    at VaultPage (http://localhost:3000/static/js/bundle.js:25956:53)
    at renderWithHooks (http://localhost:3000/static/js/bundle.js:42984:22)
    at updateFunctionComponent (http://localhost:3000/static/js/bundle.js:46552:24)
    at beginWork (http://localhost:3000/static/js/bundle.js:48271:20)
    at HTMLUnknownElement.callCallback (http://localhost:3000/static/js/bundle.js:33240:18)
    at Object.invokeGuardedCallbackDev (http://localhost:3000/static/js/bundle.js:33284:20)
    at invokeGuardedCallback (http://localhost:3000/static/js/bundle.js:33341:35)
    at beginWork$1 (http://localhost:3000/static/js/bundle.js:53240:11)
    at performUnitOfWork (http://localhost:3000/static/js/bundle.js:52488:16)
    at workLoopSync (http://localhost:3000/static/js/bundle.js:52411:9)
[    1095ms] [ERROR] The above error occurred in the <VaultPage> component:

    at VaultPage (http://localhost:3000/static/js/bundle.js:25858:88)
    at RenderedRoute (http://localhost:3000/static/js/bundle.js:77698:3)
    at Routes (http://localhost:3000/static/js/bundle.js:78459:3)
    at div
    at main
    at div
    at Layout (http://localhost:3000/static/js/bundle.js:625:3)
    at AppRoutes (http://localhost:3000/static/js/bundle.js:76:68)
    at Router (http://localhost:3000/static/js/bundle.js:78402:13)
    at BrowserRouter (http://localhost:3000/static/js/bundle.js:81584:3)
    at App
    at AuthProvider (http://localhost:3000/static/js/bundle.js:1190:3)

Consider adding an error boundary to your tree to customize error handling behavior.
Visit https://reactjs.org/link/error-boundaries to learn more about error boundaries. @ https://us-assets.i.posthog.com/static/posthog-recorder.js?v=1.367.0:0
[    1098ms] TypeError: credentials.map is not a function
    at VaultPage (http://localhost:3000/static/js/bundle.js:25956:53)
    at renderWithHooks (http://localhost:3000/static/js/bundle.js:42984:22)
    at updateFunctionComponent (http://localhost:3000/static/js/bundle.js:46552:24)
    at beginWork (http://localhost:3000/static/js/bundle.js:48271:20)
    at beginWork$1 (http://localhost:3000/static/js/bundle.js:53218:18)
    at performUnitOfWork (http://localhost:3000/static/js/bundle.js:52488:16)
    at workLoopSync (http://localhost:3000/static/js/bundle.js:52411:9)
    at renderRootSync (http://localhost:3000/static/js/bundle.js:52384:11)
    at recoverFromConcurrentError (http://localhost:3000/static/js/bundle.js:51876:24)
    at performConcurrentWorkOnRoot (http://localhost:3000/static/js/bundle.js:51789:26)
