[     490ms] [LOG] 11:32:35:93 %cAgora-SDK [DEBUG]: color: #64B5F6; current web page is hidden @ https://sf16-website-login.neutral.ttwstatic.com/obj/tiktok_web_login_static/tiktok/web/tt4d_coze_ai_bot/coze-chat-app-sdk/1.2.0-beta.19-tt4d-t6/libs/oversea/index.js:310
[    1048ms] [LOG] %c %s color: yellow; background-color: black; [instance: default] appid: 1284, userInfo:{"user_unique_id":"7625851654352716801","web_id":"7627942162927470098"} @ https://sf16-website-login.neutral.ttwstatic.com/obj/tiktok_web_login_static/log-sdk/collect/5.2/oversea/collect.js:0
[    1048ms] [LOG] %c %s color: yellow; background-color: black; [instance: default] appid: 1284, sdk is ready, version is 5.3.12_oversea, you can report now !!! @ https://sf16-website-login.neutral.ttwstatic.com/obj/tiktok_web_login_static/log-sdk/collect/5.2/oversea/collect.js:0
[    4865ms] [WARNING] RTC_AMBULANCE have non-native code:
 RTCPeerConnection.prototype.addStream
RTCPeerConnection.prototype.addTrack
RTCPeerConnection.prototype.createDataChannel
RTCPeerConnection.prototype.getLocalStreams
RTCPeerConnection.prototype.getStats
RTCPeerConnection.prototype.removeStream
RTCPeerConnection.prototype.removeTrack
RTCPeerConnection.prototype.setRemoteDescription
RTCPeerConnection.prototype.addEventListener
RTCPeerConnection.prototype.removeEventListener
navigator.mediaDevices.getUserMedia
console.error
navigator.mediaDevices.getDisplayMedia @ https://sf16-website-login.neutral.ttwstatic.com/obj/tiktok_web_login_static/tiktok/web/tt4d_coze_ai_bot/coze-chat-app-sdk/1.2.0-beta.19-tt4d-t6/libs/oversea/index.js:12
[    4906ms] [LOG] 11:32:39:509 %cAgora-SDK [DEBUG]: color: #64B5F6; browser ua:  Mozilla/5.0 (Windows NT 10.0; Win64; x64) AppleWebKit/537.36 (KHTML, like Gecko) Chrome/147.0.0.0 Safari/537.36 @ https://sf16-website-login.neutral.ttwstatic.com/obj/tiktok_web_login_static/tiktok/web/tt4d_coze_ai_bot/coze-chat-app-sdk/1.2.0-beta.19-tt4d-t6/libs/oversea/index.js:310
[    4906ms] [LOG] 11:32:39:509 %cAgora-SDK [INFO]: color: #1E88E5; font-weight: bold; browser info:  {name: Chrome, version: 147, os: Windows 10, osVersion: 10, browserVersion: 147.0.0.0} @ https://sf16-website-login.neutral.ttwstatic.com/obj/tiktok_web_login_static/tiktok/web/tt4d_coze_ai_bot/coze-chat-app-sdk/1.2.0-beta.19-tt4d-t6/libs/oversea/index.js:310
[    4906ms] [LOG] 11:32:39:510 %cAgora-SDK [INFO]: color: #1E88E5; font-weight: bold; browser compatibility:  {getDisplayMedia: true, getStreamFromExtension: true, supportUnifiedPlan: true, supportMinBitrate: true, supportSetRtpSenderParameters: true} @ https://sf16-website-login.neutral.ttwstatic.com/obj/tiktok_web_login_static/tiktok/web/tt4d_coze_ai_bot/coze-chat-app-sdk/1.2.0-beta.19-tt4d-t6/libs/oversea/index.js:310
[    8178ms] [WARNING] The 'deprecatedStyle' prop is deprecated. Please use the associated style props instead (e.g. "marginInline", "flex") @ https://sf16-website.neutral.ttwstatic.com/obj/tiktok_web_static/developers/build/vendors/112-afc819ac1f65bb8b-ce27d2c95f2da0f14f95cb08851d62a597491534.js:0
[    8189ms] [WARNING] The 'deprecatedStyle' prop is deprecated. Please use the associated style props instead (e.g. "marginInline", "flex") @ https://sf16-website.neutral.ttwstatic.com/obj/tiktok_web_static/developers/build/vendors/112-afc819ac1f65bb8b-ce27d2c95f2da0f14f95cb08851d62a597491534.js:0
[    8213ms] [WARNING] The 'deprecatedStyle' prop is deprecated. Please use the associated style props instead (e.g. "marginInline", "flex") @ https://sf16-website.neutral.ttwstatic.com/obj/tiktok_web_static/developers/build/vendors/112-afc819ac1f65bb8b-ce27d2c95f2da0f14f95cb08851d62a597491534.js:0
[    8304ms] [WARNING] The 'deprecatedStyle' prop is deprecated. Please use the associated style props instead (e.g. "marginInline", "flex") @ https://sf16-website.neutral.ttwstatic.com/obj/tiktok_web_static/developers/build/vendors/112-afc819ac1f65bb8b-ce27d2c95f2da0f14f95cb08851d62a597491534.js:0
[    8307ms] [WARNING] The 'deprecatedStyle' prop is deprecated. Please use the associated style props instead (e.g. "marginInline", "flex") @ https://sf16-website.neutral.ttwstatic.com/obj/tiktok_web_static/developers/build/vendors/112-afc819ac1f65bb8b-ce27d2c95f2da0f14f95cb08851d62a597491534.js:0
[    8317ms] [WARNING] The 'deprecatedStyle' prop is deprecated. Please use the associated style props instead (e.g. "marginInline", "flex") @ https://sf16-website.neutral.ttwstatic.com/obj/tiktok_web_static/developers/build/vendors/112-afc819ac1f65bb8b-ce27d2c95f2da0f14f95cb08851d62a597491534.js:0
[    9202ms] [WARNING] The 'deprecatedStyle' prop is deprecated. Please use the associated style props instead (e.g. "marginInline", "flex") @ https://sf16-website.neutral.ttwstatic.com/obj/tiktok_web_static/developers/build/vendors/112-afc819ac1f65bb8b-ce27d2c95f2da0f14f95cb08851d62a597491534.js:0
[   39787ms] [WARNING] The 'deprecatedStyle' prop is deprecated. Please use the associated style props instead (e.g. "marginInline", "flex") @ https://sf16-website.neutral.ttwstatic.com/obj/tiktok_web_static/developers/build/vendors/112-afc819ac1f65bb8b-ce27d2c95f2da0f14f95cb08851d62a597491534.js:0
[   39789ms] [WARNING] The 'deprecatedStyle' prop is deprecated. Please use the associated style props instead (e.g. "marginInline", "flex") @ https://sf16-website.neutral.ttwstatic.com/obj/tiktok_web_static/developers/build/vendors/112-afc819ac1f65bb8b-ce27d2c95f2da0f14f95cb08851d62a597491534.js:0
[   39798ms] [WARNING] The 'deprecatedStyle' prop is deprecated. Please use the associated style props instead (e.g. "marginInline", "flex") @ https://sf16-website.neutral.ttwstatic.com/obj/tiktok_web_static/developers/build/vendors/112-afc819ac1f65bb8b-ce27d2c95f2da0f14f95cb08851d62a597491534.js:0
[   45678ms] [WARNING] The 'deprecatedStyle' prop is deprecated. Please use the associated style props instead (e.g. "marginInline", "flex") @ https://sf16-website.neutral.ttwstatic.com/obj/tiktok_web_static/developers/build/vendors/112-afc819ac1f65bb8b-ce27d2c95f2da0f14f95cb08851d62a597491534.js:0
[   45685ms] [WARNING] The 'deprecatedStyle' prop is deprecated. Please use the associated style props instead (e.g. "marginInline", "flex") @ https://sf16-website.neutral.ttwstatic.com/obj/tiktok_web_static/developers/build/vendors/112-afc819ac1f65bb8b-ce27d2c95f2da0f14f95cb08851d62a597491534.js:0
[   45687ms] [WARNING] The 'deprecatedStyle' prop is deprecated. Please use the associated style props instead (e.g. "marginInline", "flex") @ https://sf16-website.neutral.ttwstatic.com/obj/tiktok_web_static/developers/build/vendors/112-afc819ac1f65bb8b-ce27d2c95f2da0f14f95cb08851d62a597491534.js:0
[   45695ms] [WARNING] The 'deprecatedStyle' prop is deprecated. Please use the associated style props instead (e.g. "marginInline", "flex") @ https://sf16-website.neutral.ttwstatic.com/obj/tiktok_web_static/developers/build/vendors/112-afc819ac1f65bb8b-ce27d2c95f2da0f14f95cb08851d62a597491534.js:0
[  262355ms] [WARNING] The 'deprecatedStyle' prop is deprecated. Please use the associated style props instead (e.g. "marginInline", "flex") @ https://sf16-website.neutral.ttwstatic.com/obj/tiktok_web_static/developers/build/vendors/112-afc819ac1f65bb8b-ce27d2c95f2da0f14f95cb08851d62a597491534.js:0
[  262361ms] [WARNING] The 'deprecatedStyle' prop is deprecated. Please use the associated style props instead (e.g. "marginInline", "flex") @ https://sf16-website.neutral.ttwstatic.com/obj/tiktok_web_static/developers/build/vendors/112-afc819ac1f65bb8b-ce27d2c95f2da0f14f95cb08851d62a597491534.js:0
[  262372ms] [WARNING] The 'deprecatedStyle' prop is deprecated. Please use the associated style props instead (e.g. "marginInline", "flex") @ https://sf16-website.neutral.ttwstatic.com/obj/tiktok_web_static/developers/build/vendors/112-afc819ac1f65bb8b-ce27d2c95f2da0f14f95cb08851d62a597491534.js:0
[  279133ms] [WARNING] The 'deprecatedStyle' prop is deprecated. Please use the associated style props instead (e.g. "marginInline", "flex") @ https://sf16-website.neutral.ttwstatic.com/obj/tiktok_web_static/developers/build/vendors/112-afc819ac1f65bb8b-ce27d2c95f2da0f14f95cb08851d62a597491534.js:0
[  279135ms] [WARNING] The 'deprecatedStyle' prop is deprecated. Please use the associated style props instead (e.g. "marginInline", "flex") @ https://sf16-website.neutral.ttwstatic.com/obj/tiktok_web_static/developers/build/vendors/112-afc819ac1f65bb8b-ce27d2c95f2da0f14f95cb08851d62a597491534.js:0
[  279145ms] [WARNING] The 'deprecatedStyle' prop is deprecated. Please use the associated style props instead (e.g. "marginInline", "flex") @ https://sf16-website.neutral.ttwstatic.com/obj/tiktok_web_static/developers/build/vendors/112-afc819ac1f65bb8b-ce27d2c95f2da0f14f95cb08851d62a597491534.js:0
[  287591ms] [WARNING] The 'deprecatedStyle' prop is deprecated. Please use the associated style props instead (e.g. "marginInline", "flex") @ https://sf16-website.neutral.ttwstatic.com/obj/tiktok_web_static/developers/build/vendors/112-afc819ac1f65bb8b-ce27d2c95f2da0f14f95cb08851d62a597491534.js:0
[  287593ms] [WARNING] The 'deprecatedStyle' prop is deprecated. Please use the associated style props instead (e.g. "marginInline", "flex") @ https://sf16-website.neutral.ttwstatic.com/obj/tiktok_web_static/developers/build/vendors/112-afc819ac1f65bb8b-ce27d2c95f2da0f14f95cb08851d62a597491534.js:0
[  287603ms] [WARNING] The 'deprecatedStyle' prop is deprecated. Please use the associated style props instead (e.g. "marginInline", "flex") @ https://sf16-website.neutral.ttwstatic.com/obj/tiktok_web_static/developers/build/vendors/112-afc819ac1f65bb8b-ce27d2c95f2da0f14f95cb08851d62a597491534.js:0
[  294666ms] [WARNING] The 'deprecatedStyle' prop is deprecated. Please use the associated style props instead (e.g. "marginInline", "flex") @ https://sf16-website.neutral.ttwstatic.com/obj/tiktok_web_static/developers/build/vendors/112-afc819ac1f65bb8b-ce27d2c95f2da0f14f95cb08851d62a597491534.js:0
[  294668ms] [WARNING] The 'deprecatedStyle' prop is deprecated. Please use the associated style props instead (e.g. "marginInline", "flex") @ https://sf16-website.neutral.ttwstatic.com/obj/tiktok_web_static/developers/build/vendors/112-afc819ac1f65bb8b-ce27d2c95f2da0f14f95cb08851d62a597491534.js:0
[  294679ms] [WARNING] The 'deprecatedStyle' prop is deprecated. Please use the associated style props instead (e.g. "marginInline", "flex") @ https://sf16-website.neutral.ttwstatic.com/obj/tiktok_web_static/developers/build/vendors/112-afc819ac1f65bb8b-ce27d2c95f2da0f14f95cb08851d62a597491534.js:0
[  294690ms] [WARNING] The 'deprecatedStyle' prop is deprecated. Please use the associated style props instead (e.g. "marginInline", "flex") @ https://sf16-website.neutral.ttwstatic.com/obj/tiktok_web_static/developers/build/vendors/112-afc819ac1f65bb8b-ce27d2c95f2da0f14f95cb08851d62a597491534.js:0
[  294691ms] [WARNING] The 'deprecatedStyle' prop is deprecated. Please use the associated style props instead (e.g. "marginInline", "flex") @ https://sf16-website.neutral.ttwstatic.com/obj/tiktok_web_static/developers/build/vendors/112-afc819ac1f65bb8b-ce27d2c95f2da0f14f95cb08851d62a597491534.js:0
[  294698ms] [WARNING] The 'deprecatedStyle' prop is deprecated. Please use the associated style props instead (e.g. "marginInline", "flex") @ https://sf16-website.neutral.ttwstatic.com/obj/tiktok_web_static/developers/build/vendors/112-afc819ac1f65bb8b-ce27d2c95f2da0f14f95cb08851d62a597491534.js:0
[  331347ms] [WARNING] The 'deprecatedStyle' prop is deprecated. Please use the associated style props instead (e.g. "marginInline", "flex") @ https://sf16-website.neutral.ttwstatic.com/obj/tiktok_web_static/developers/build/vendors/112-afc819ac1f65bb8b-ce27d2c95f2da0f14f95cb08851d62a597491534.js:0
[  331348ms] [WARNING] The 'deprecatedStyle' prop is deprecated. Please use the associated style props instead (e.g. "marginInline", "flex") @ https://sf16-website.neutral.ttwstatic.com/obj/tiktok_web_static/developers/build/vendors/112-afc819ac1f65bb8b-ce27d2c95f2da0f14f95cb08851d62a597491534.js:0
[  331360ms] [WARNING] The 'deprecatedStyle' prop is deprecated. Please use the associated style props instead (e.g. "marginInline", "flex") @ https://sf16-website.neutral.ttwstatic.com/obj/tiktok_web_static/developers/build/vendors/112-afc819ac1f65bb8b-ce27d2c95f2da0f14f95cb08851d62a597491534.js:0
[  364394ms] [WARNING] The 'deprecatedStyle' prop is deprecated. Please use the associated style props instead (e.g. "marginInline", "flex") @ https://sf16-website.neutral.ttwstatic.com/obj/tiktok_web_static/developers/build/vendors/112-afc819ac1f65bb8b-ce27d2c95f2da0f14f95cb08851d62a597491534.js:0
[  364396ms] [WARNING] The 'deprecatedStyle' prop is deprecated. Please use the associated style props instead (e.g. "marginInline", "flex") @ https://sf16-website.neutral.ttwstatic.com/obj/tiktok_web_static/developers/build/vendors/112-afc819ac1f65bb8b-ce27d2c95f2da0f14f95cb08851d62a597491534.js:0
[  364419ms] [WARNING] The 'deprecatedStyle' prop is deprecated. Please use the associated style props instead (e.g. "marginInline", "flex") @ https://sf16-website.neutral.ttwstatic.com/obj/tiktok_web_static/developers/build/vendors/112-afc819ac1f65bb8b-ce27d2c95f2da0f14f95cb08851d62a597491534.js:0
[  364421ms] [WARNING] The 'deprecatedStyle' prop is deprecated. Please use the associated style props instead (e.g. "marginInline", "flex") @ https://sf16-website.neutral.ttwstatic.com/obj/tiktok_web_static/developers/build/vendors/112-afc819ac1f65bb8b-ce27d2c95f2da0f14f95cb08851d62a597491534.js:0
[  364464ms] [WARNING] The 'deprecatedStyle' prop is deprecated. Please use the associated style props instead (e.g. "marginInline", "flex") @ https://sf16-website.neutral.ttwstatic.com/obj/tiktok_web_static/developers/build/vendors/112-afc819ac1f65bb8b-ce27d2c95f2da0f14f95cb08851d62a597491534.js:0
[  364466ms] [WARNING] The 'deprecatedStyle' prop is deprecated. Please use the associated style props instead (e.g. "marginInline", "flex") @ https://sf16-website.neutral.ttwstatic.com/obj/tiktok_web_static/developers/build/vendors/112-afc819ac1f65bb8b-ce27d2c95f2da0f14f95cb08851d62a597491534.js:0
[  364484ms] [WARNING] The 'deprecatedStyle' prop is deprecated. Please use the associated style props instead (e.g. "marginInline", "flex") @ https://sf16-website.neutral.ttwstatic.com/obj/tiktok_web_static/developers/build/vendors/112-afc819ac1f65bb8b-ce27d2c95f2da0f14f95cb08851d62a597491534.js:0
[  364484ms] [WARNING] The 'deprecatedStyle' prop is deprecated. Please use the associated style props instead (e.g. "marginInline", "flex") @ https://sf16-website.neutral.ttwstatic.com/obj/tiktok_web_static/developers/build/vendors/112-afc819ac1f65bb8b-ce27d2c95f2da0f14f95cb08851d62a597491534.js:0
[  364798ms] [WARNING] The 'deprecatedStyle' prop is deprecated. Please use the associated style props instead (e.g. "marginInline", "flex") @ https://sf16-website.neutral.ttwstatic.com/obj/tiktok_web_static/developers/build/vendors/112-afc819ac1f65bb8b-ce27d2c95f2da0f14f95cb08851d62a597491534.js:0
[  364800ms] [WARNING] The 'deprecatedStyle' prop is deprecated. Please use the associated style props instead (e.g. "marginInline", "flex") @ https://sf16-website.neutral.ttwstatic.com/obj/tiktok_web_static/developers/build/vendors/112-afc819ac1f65bb8b-ce27d2c95f2da0f14f95cb08851d62a597491534.js:0
[  364817ms] [WARNING] The 'deprecatedStyle' prop is deprecated. Please use the associated style props instead (e.g. "marginInline", "flex") @ https://sf16-website.neutral.ttwstatic.com/obj/tiktok_web_static/developers/build/vendors/112-afc819ac1f65bb8b-ce27d2c95f2da0f14f95cb08851d62a597491534.js:0
[  364817ms] [WARNING] The 'deprecatedStyle' prop is deprecated. Please use the associated style props instead (e.g. "marginInline", "flex") @ https://sf16-website.neutral.ttwstatic.com/obj/tiktok_web_static/developers/build/vendors/112-afc819ac1f65bb8b-ce27d2c95f2da0f14f95cb08851d62a597491534.js:0
[  377329ms] [WARNING] The 'deprecatedStyle' prop is deprecated. Please use the associated style props instead (e.g. "marginInline", "flex") @ https://sf16-website.neutral.ttwstatic.com/obj/tiktok_web_static/developers/build/vendors/112-afc819ac1f65bb8b-ce27d2c95f2da0f14f95cb08851d62a597491534.js:0
[  377330ms] [WARNING] The 'deprecatedStyle' prop is deprecated. Please use the associated style props instead (e.g. "marginInline", "flex") @ https://sf16-website.neutral.ttwstatic.com/obj/tiktok_web_static/developers/build/vendors/112-afc819ac1f65bb8b-ce27d2c95f2da0f14f95cb08851d62a597491534.js:0
[  377351ms] [WARNING] The 'deprecatedStyle' prop is deprecated. Please use the associated style props instead (e.g. "marginInline", "flex") @ https://sf16-website.neutral.ttwstatic.com/obj/tiktok_web_static/developers/build/vendors/112-afc819ac1f65bb8b-ce27d2c95f2da0f14f95cb08851d62a597491534.js:0
[  377351ms] [WARNING] The 'deprecatedStyle' prop is deprecated. Please use the associated style props instead (e.g. "marginInline", "flex") @ https://sf16-website.neutral.ttwstatic.com/obj/tiktok_web_static/developers/build/vendors/112-afc819ac1f65bb8b-ce27d2c95f2da0f14f95cb08851d62a597491534.js:0
[  377365ms] [WARNING] The 'deprecatedStyle' prop is deprecated. Please use the associated style props instead (e.g. "marginInline", "flex") @ https://sf16-website.neutral.ttwstatic.com/obj/tiktok_web_static/developers/build/vendors/112-afc819ac1f65bb8b-ce27d2c95f2da0f14f95cb08851d62a597491534.js:0
[  377367ms] [WARNING] The 'deprecatedStyle' prop is deprecated. Please use the associated style props instead (e.g. "marginInline", "flex") @ https://sf16-website.neutral.ttwstatic.com/obj/tiktok_web_static/developers/build/vendors/112-afc819ac1f65bb8b-ce27d2c95f2da0f14f95cb08851d62a597491534.js:0
[  377383ms] [WARNING] The 'deprecatedStyle' prop is deprecated. Please use the associated style props instead (e.g. "marginInline", "flex") @ https://sf16-website.neutral.ttwstatic.com/obj/tiktok_web_static/developers/build/vendors/112-afc819ac1f65bb8b-ce27d2c95f2da0f14f95cb08851d62a597491534.js:0
[  377384ms] [WARNING] The 'deprecatedStyle' prop is deprecated. Please use the associated style props instead (e.g. "marginInline", "flex") @ https://sf16-website.neutral.ttwstatic.com/obj/tiktok_web_static/developers/build/vendors/112-afc819ac1f65bb8b-ce27d2c95f2da0f14f95cb08851d62a597491534.js:0
[  405517ms] [WARNING] The 'deprecatedStyle' prop is deprecated. Please use the associated style props instead (e.g. "marginInline", "flex") @ https://sf16-website.neutral.ttwstatic.com/obj/tiktok_web_static/developers/build/vendors/112-afc819ac1f65bb8b-ce27d2c95f2da0f14f95cb08851d62a597491534.js:0
[  405519ms] [WARNING] The 'deprecatedStyle' prop is deprecated. Please use the associated style props instead (e.g. "marginInline", "flex") @ https://sf16-website.neutral.ttwstatic.com/obj/tiktok_web_static/developers/build/vendors/112-afc819ac1f65bb8b-ce27d2c95f2da0f14f95cb08851d62a597491534.js:0
[  405534ms] [WARNING] The 'deprecatedStyle' prop is deprecated. Please use the associated style props instead (e.g. "marginInline", "flex") @ https://sf16-website.neutral.ttwstatic.com/obj/tiktok_web_static/developers/build/vendors/112-afc819ac1f65bb8b-ce27d2c95f2da0f14f95cb08851d62a597491534.js:0
[  405534ms] [WARNING] The 'deprecatedStyle' prop is deprecated. Please use the associated style props instead (e.g. "marginInline", "flex") @ https://sf16-website.neutral.ttwstatic.com/obj/tiktok_web_static/developers/build/vendors/112-afc819ac1f65bb8b-ce27d2c95f2da0f14f95cb08851d62a597491534.js:0
[  409246ms] [WARNING] The 'deprecatedStyle' prop is deprecated. Please use the associated style props instead (e.g. "marginInline", "flex") @ https://sf16-website.neutral.ttwstatic.com/obj/tiktok_web_static/developers/build/vendors/112-afc819ac1f65bb8b-ce27d2c95f2da0f14f95cb08851d62a597491534.js:0
[  409249ms] [WARNING] The 'deprecatedStyle' prop is deprecated. Please use the associated style props instead (e.g. "marginInline", "flex") @ https://sf16-website.neutral.ttwstatic.com/obj/tiktok_web_static/developers/build/vendors/112-afc819ac1f65bb8b-ce27d2c95f2da0f14f95cb08851d62a597491534.js:0
[  409264ms] [WARNING] The 'deprecatedStyle' prop is deprecated. Please use the associated style props instead (e.g. "marginInline", "flex") @ https://sf16-website.neutral.ttwstatic.com/obj/tiktok_web_static/developers/build/vendors/112-afc819ac1f65bb8b-ce27d2c95f2da0f14f95cb08851d62a597491534.js:0
[  409264ms] [WARNING] The 'deprecatedStyle' prop is deprecated. Please use the associated style props instead (e.g. "marginInline", "flex") @ https://sf16-website.neutral.ttwstatic.com/obj/tiktok_web_static/developers/build/vendors/112-afc819ac1f65bb8b-ce27d2c95f2da0f14f95cb08851d62a597491534.js:0
[  409305ms] [WARNING] The 'deprecatedStyle' prop is deprecated. Please use the associated style props instead (e.g. "marginInline", "flex") @ https://sf16-website.neutral.ttwstatic.com/obj/tiktok_web_static/developers/build/vendors/112-afc819ac1f65bb8b-ce27d2c95f2da0f14f95cb08851d62a597491534.js:0
[  409307ms] [WARNING] The 'deprecatedStyle' prop is deprecated. Please use the associated style props instead (e.g. "marginInline", "flex") @ https://sf16-website.neutral.ttwstatic.com/obj/tiktok_web_static/developers/build/vendors/112-afc819ac1f65bb8b-ce27d2c95f2da0f14f95cb08851d62a597491534.js:0
[  409325ms] [WARNING] The 'deprecatedStyle' prop is deprecated. Please use the associated style props instead (e.g. "marginInline", "flex") @ https://sf16-website.neutral.ttwstatic.com/obj/tiktok_web_static/developers/build/vendors/112-afc819ac1f65bb8b-ce27d2c95f2da0f14f95cb08851d62a597491534.js:0
[  409325ms] [WARNING] The 'deprecatedStyle' prop is deprecated. Please use the associated style props instead (e.g. "marginInline", "flex") @ https://sf16-website.neutral.ttwstatic.com/obj/tiktok_web_static/developers/build/vendors/112-afc819ac1f65bb8b-ce27d2c95f2da0f14f95cb08851d62a597491534.js:0
[  414451ms] [WARNING] The 'deprecatedStyle' prop is deprecated. Please use the associated style props instead (e.g. "marginInline", "flex") @ https://sf16-website.neutral.ttwstatic.com/obj/tiktok_web_static/developers/build/vendors/112-afc819ac1f65bb8b-ce27d2c95f2da0f14f95cb08851d62a597491534.js:0
[  414453ms] [WARNING] The 'deprecatedStyle' prop is deprecated. Please use the associated style props instead (e.g. "marginInline", "flex") @ https://sf16-website.neutral.ttwstatic.com/obj/tiktok_web_static/developers/build/vendors/112-afc819ac1f65bb8b-ce27d2c95f2da0f14f95cb08851d62a597491534.js:0
[  414468ms] [WARNING] The 'deprecatedStyle' prop is deprecated. Please use the associated style props instead (e.g. "marginInline", "flex") @ https://sf16-website.neutral.ttwstatic.com/obj/tiktok_web_static/developers/build/vendors/112-afc819ac1f65bb8b-ce27d2c95f2da0f14f95cb08851d62a597491534.js:0
[  414469ms] [WARNING] The 'deprecatedStyle' prop is deprecated. Please use the associated style props instead (e.g. "marginInline", "flex") @ https://sf16-website.neutral.ttwstatic.com/obj/tiktok_web_static/developers/build/vendors/112-afc819ac1f65bb8b-ce27d2c95f2da0f14f95cb08851d62a597491534.js:0
[  583344ms] [WARNING] The 'deprecatedStyle' prop is deprecated. Please use the associated style props instead (e.g. "marginInline", "flex") @ https://sf16-website.neutral.ttwstatic.com/obj/tiktok_web_static/developers/build/vendors/112-afc819ac1f65bb8b-ce27d2c95f2da0f14f95cb08851d62a597491534.js:0
[  583346ms] [WARNING] The 'deprecatedStyle' prop is deprecated. Please use the associated style props instead (e.g. "marginInline", "flex") @ https://sf16-website.neutral.ttwstatic.com/obj/tiktok_web_static/developers/build/vendors/112-afc819ac1f65bb8b-ce27d2c95f2da0f14f95cb08851d62a597491534.js:0
[  583360ms] [WARNING] The 'deprecatedStyle' prop is deprecated. Please use the associated style props instead (e.g. "marginInline", "flex") @ https://sf16-website.neutral.ttwstatic.com/obj/tiktok_web_static/developers/build/vendors/112-afc819ac1f65bb8b-ce27d2c95f2da0f14f95cb08851d62a597491534.js:0
[  583360ms] [WARNING] The 'deprecatedStyle' prop is deprecated. Please use the associated style props instead (e.g. "marginInline", "flex") @ https://sf16-website.neutral.ttwstatic.com/obj/tiktok_web_static/developers/build/vendors/112-afc819ac1f65bb8b-ce27d2c95f2da0f14f95cb08851d62a597491534.js:0
[  604603ms] [WARNING] The 'deprecatedStyle' prop is deprecated. Please use the associated style props instead (e.g. "marginInline", "flex") @ https://sf16-website.neutral.ttwstatic.com/obj/tiktok_web_static/developers/build/vendors/112-afc819ac1f65bb8b-ce27d2c95f2da0f14f95cb08851d62a597491534.js:0
[  604605ms] [WARNING] The 'deprecatedStyle' prop is deprecated. Please use the associated style props instead (e.g. "marginInline", "flex") @ https://sf16-website.neutral.ttwstatic.com/obj/tiktok_web_static/developers/build/vendors/112-afc819ac1f65bb8b-ce27d2c95f2da0f14f95cb08851d62a597491534.js:0
[  604619ms] [WARNING] The 'deprecatedStyle' prop is deprecated. Please use the associated style props instead (e.g. "marginInline", "flex") @ https://sf16-website.neutral.ttwstatic.com/obj/tiktok_web_static/developers/build/vendors/112-afc819ac1f65bb8b-ce27d2c95f2da0f14f95cb08851d62a597491534.js:0
[  604620ms] [WARNING] The 'deprecatedStyle' prop is deprecated. Please use the associated style props instead (e.g. "marginInline", "flex") @ https://sf16-website.neutral.ttwstatic.com/obj/tiktok_web_static/developers/build/vendors/112-afc819ac1f65bb8b-ce27d2c95f2da0f14f95cb08851d62a597491534.js:0
[  620842ms] [LOG] form validation errors {app_basic_info: Object, webDesktopUrl: Object, appReviewDetails: Object, loginKitConfig: Object} @ https://sf16-website.neutral.ttwstatic.com/obj/tiktok_web_static/developers/build/vendors/8490-00b15542a478588f-ce27d2c95f2da0f14f95cb08851d62a597491534.js:0
[  620858ms] [WARNING] The 'deprecatedStyle' prop is deprecated. Please use the associated style props instead (e.g. "marginInline", "flex") @ https://sf16-website.neutral.ttwstatic.com/obj/tiktok_web_static/developers/build/vendors/112-afc819ac1f65bb8b-ce27d2c95f2da0f14f95cb08851d62a597491534.js:0
[  620862ms] [WARNING] The 'deprecatedStyle' prop is deprecated. Please use the associated style props instead (e.g. "marginInline", "flex") @ https://sf16-website.neutral.ttwstatic.com/obj/tiktok_web_static/developers/build/vendors/112-afc819ac1f65bb8b-ce27d2c95f2da0f14f95cb08851d62a597491534.js:0
[  620876ms] [WARNING] The 'deprecatedStyle' prop is deprecated. Please use the associated style props instead (e.g. "marginInline", "flex") @ https://sf16-website.neutral.ttwstatic.com/obj/tiktok_web_static/developers/build/vendors/112-afc819ac1f65bb8b-ce27d2c95f2da0f14f95cb08851d62a597491534.js:0
[  620878ms] [WARNING] The 'deprecatedStyle' prop is deprecated. Please use the associated style props instead (e.g. "marginInline", "flex") @ https://sf16-website.neutral.ttwstatic.com/obj/tiktok_web_static/developers/build/vendors/112-afc819ac1f65bb8b-ce27d2c95f2da0f14f95cb08851d62a597491534.js:0
[  658004ms] [WARNING] The 'deprecatedStyle' prop is deprecated. Please use the associated style props instead (e.g. "marginInline", "flex") @ https://sf16-website.neutral.ttwstatic.com/obj/tiktok_web_static/developers/build/vendors/112-afc819ac1f65bb8b-ce27d2c95f2da0f14f95cb08851d62a597491534.js:0
[  658006ms] [WARNING] The 'deprecatedStyle' prop is deprecated. Please use the associated style props instead (e.g. "marginInline", "flex") @ https://sf16-website.neutral.ttwstatic.com/obj/tiktok_web_static/developers/build/vendors/112-afc819ac1f65bb8b-ce27d2c95f2da0f14f95cb08851d62a597491534.js:0
[  658023ms] [WARNING] The 'deprecatedStyle' prop is deprecated. Please use the associated style props instead (e.g. "marginInline", "flex") @ https://sf16-website.neutral.ttwstatic.com/obj/tiktok_web_static/developers/build/vendors/112-afc819ac1f65bb8b-ce27d2c95f2da0f14f95cb08851d62a597491534.js:0
[  658023ms] [WARNING] The 'deprecatedStyle' prop is deprecated. Please use the associated style props instead (e.g. "marginInline", "flex") @ https://sf16-website.neutral.ttwstatic.com/obj/tiktok_web_static/developers/build/vendors/112-afc819ac1f65bb8b-ce27d2c95f2da0f14f95cb08851d62a597491534.js:0
[  658153ms] [WARNING] The 'deprecatedStyle' prop is deprecated. Please use the associated style props instead (e.g. "marginInline", "flex") @ https://sf16-website.neutral.ttwstatic.com/obj/tiktok_web_static/developers/build/vendors/112-afc819ac1f65bb8b-ce27d2c95f2da0f14f95cb08851d62a597491534.js:0
[  658558ms] [WARNING] The 'deprecatedStyle' prop is deprecated. Please use the associated style props instead (e.g. "marginInline", "flex") @ https://sf16-website.neutral.ttwstatic.com/obj/tiktok_web_static/developers/build/vendors/112-afc819ac1f65bb8b-ce27d2c95f2da0f14f95cb08851d62a597491534.js:0
[  659027ms] [WARNING] The 'deprecatedStyle' prop is deprecated. Please use the associated style props instead (e.g. "marginInline", "flex") @ https://sf16-website.neutral.ttwstatic.com/obj/tiktok_web_static/developers/build/vendors/112-afc819ac1f65bb8b-ce27d2c95f2da0f14f95cb08851d62a597491534.js:0
[  659043ms] [WARNING] The 'deprecatedStyle' prop is deprecated. Please use the associated style props instead (e.g. "marginInline", "flex") @ https://sf16-website.neutral.ttwstatic.com/obj/tiktok_web_static/developers/build/vendors/112-afc819ac1f65bb8b-ce27d2c95f2da0f14f95cb08851d62a597491534.js:0
[  659045ms] [WARNING] The 'deprecatedStyle' prop is deprecated. Please use the associated style props instead (e.g. "marginInline", "flex") @ https://sf16-website.neutral.ttwstatic.com/obj/tiktok_web_static/developers/build/vendors/112-afc819ac1f65bb8b-ce27d2c95f2da0f14f95cb08851d62a597491534.js:0
[  659063ms] [WARNING] The 'deprecatedStyle' prop is deprecated. Please use the associated style props instead (e.g. "marginInline", "flex") @ https://sf16-website.neutral.ttwstatic.com/obj/tiktok_web_static/developers/build/vendors/112-afc819ac1f65bb8b-ce27d2c95f2da0f14f95cb08851d62a597491534.js:0
[  659063ms] [WARNING] The 'deprecatedStyle' prop is deprecated. Please use the associated style props instead (e.g. "marginInline", "flex") @ https://sf16-website.neutral.ttwstatic.com/obj/tiktok_web_static/developers/build/vendors/112-afc819ac1f65bb8b-ce27d2c95f2da0f14f95cb08851d62a597491534.js:0
[  659422ms] [WARNING] The 'deprecatedStyle' prop is deprecated. Please use the associated style props instead (e.g. "marginInline", "flex") @ https://sf16-website.neutral.ttwstatic.com/obj/tiktok_web_static/developers/build/vendors/112-afc819ac1f65bb8b-ce27d2c95f2da0f14f95cb08851d62a597491534.js:0
[  659445ms] [WARNING] The 'deprecatedStyle' prop is deprecated. Please use the associated style props instead (e.g. "marginInline", "flex") @ https://sf16-website.neutral.ttwstatic.com/obj/tiktok_web_static/developers/build/vendors/112-afc819ac1f65bb8b-ce27d2c95f2da0f14f95cb08851d62a597491534.js:0
[  659453ms] [WARNING] The 'deprecatedStyle' prop is deprecated. Please use the associated style props instead (e.g. "marginInline", "flex") @ https://sf16-website.neutral.ttwstatic.com/obj/tiktok_web_static/developers/build/vendors/112-afc819ac1f65bb8b-ce27d2c95f2da0f14f95cb08851d62a597491534.js:0
[  659463ms] [WARNING] The 'deprecatedStyle' prop is deprecated. Please use the associated style props instead (e.g. "marginInline", "flex") @ https://sf16-website.neutral.ttwstatic.com/obj/tiktok_web_static/developers/build/vendors/112-afc819ac1f65bb8b-ce27d2c95f2da0f14f95cb08851d62a597491534.js:0
[  659463ms] [WARNING] The 'deprecatedStyle' prop is deprecated. Please use the associated style props instead (e.g. "marginInline", "flex") @ https://sf16-website.neutral.ttwstatic.com/obj/tiktok_web_static/developers/build/vendors/112-afc819ac1f65bb8b-ce27d2c95f2da0f14f95cb08851d62a597491534.js:0
[  659588ms] [WARNING] The 'deprecatedStyle' prop is deprecated. Please use the associated style props instead (e.g. "marginInline", "flex") @ https://sf16-website.neutral.ttwstatic.com/obj/tiktok_web_static/developers/build/vendors/112-afc819ac1f65bb8b-ce27d2c95f2da0f14f95cb08851d62a597491534.js:0
[  659594ms] [WARNING] The 'deprecatedStyle' prop is deprecated. Please use the associated style props instead (e.g. "marginInline", "flex") @ https://sf16-website.neutral.ttwstatic.com/obj/tiktok_web_static/developers/build/vendors/112-afc819ac1f65bb8b-ce27d2c95f2da0f14f95cb08851d62a597491534.js:0
[  659595ms] [WARNING] The 'deprecatedStyle' prop is deprecated. Please use the associated style props instead (e.g. "marginInline", "flex") @ https://sf16-website.neutral.ttwstatic.com/obj/tiktok_web_static/developers/build/vendors/112-afc819ac1f65bb8b-ce27d2c95f2da0f14f95cb08851d62a597491534.js:0
[  659601ms] [WARNING] The 'deprecatedStyle' prop is deprecated. Please use the associated style props instead (e.g. "marginInline", "flex") @ https://sf16-website.neutral.ttwstatic.com/obj/tiktok_web_static/developers/build/vendors/112-afc819ac1f65bb8b-ce27d2c95f2da0f14f95cb08851d62a597491534.js:0
[  659602ms] [WARNING] The 'deprecatedStyle' prop is deprecated. Please use the associated style props instead (e.g. "marginInline", "flex") @ https://sf16-website.neutral.ttwstatic.com/obj/tiktok_web_static/developers/build/vendors/112-afc819ac1f65bb8b-ce27d2c95f2da0f14f95cb08851d62a597491534.js:0
[  659848ms] [WARNING] The 'deprecatedStyle' prop is deprecated. Please use the associated style props instead (e.g. "marginInline", "flex") @ https://sf16-website.neutral.ttwstatic.com/obj/tiktok_web_static/developers/build/vendors/112-afc819ac1f65bb8b-ce27d2c95f2da0f14f95cb08851d62a597491534.js:0
[  659871ms] [WARNING] The 'deprecatedStyle' prop is deprecated. Please use the associated style props instead (e.g. "marginInline", "flex") @ https://sf16-website.neutral.ttwstatic.com/obj/tiktok_web_static/developers/build/vendors/112-afc819ac1f65bb8b-ce27d2c95f2da0f14f95cb08851d62a597491534.js:0
[  659875ms] [WARNING] The 'deprecatedStyle' prop is deprecated. Please use the associated style props instead (e.g. "marginInline", "flex") @ https://sf16-website.neutral.ttwstatic.com/obj/tiktok_web_static/developers/build/vendors/112-afc819ac1f65bb8b-ce27d2c95f2da0f14f95cb08851d62a597491534.js:0
[  659890ms] [WARNING] The 'deprecatedStyle' prop is deprecated. Please use the associated style props instead (e.g. "marginInline", "flex") @ https://sf16-website.neutral.ttwstatic.com/obj/tiktok_web_static/developers/build/vendors/112-afc819ac1f65bb8b-ce27d2c95f2da0f14f95cb08851d62a597491534.js:0
[  659890ms] [WARNING] The 'deprecatedStyle' prop is deprecated. Please use the associated style props instead (e.g. "marginInline", "flex") @ https://sf16-website.neutral.ttwstatic.com/obj/tiktok_web_static/developers/build/vendors/112-afc819ac1f65bb8b-ce27d2c95f2da0f14f95cb08851d62a597491534.js:0
[  660509ms] [WARNING] The 'deprecatedStyle' prop is deprecated. Please use the associated style props instead (e.g. "marginInline", "flex") @ https://sf16-website.neutral.ttwstatic.com/obj/tiktok_web_static/developers/build/vendors/112-afc819ac1f65bb8b-ce27d2c95f2da0f14f95cb08851d62a597491534.js:0
[  660513ms] [WARNING] The 'deprecatedStyle' prop is deprecated. Please use the associated style props instead (e.g. "marginInline", "flex") @ https://sf16-website.neutral.ttwstatic.com/obj/tiktok_web_static/developers/build/vendors/112-afc819ac1f65bb8b-ce27d2c95f2da0f14f95cb08851d62a597491534.js:0
[  660515ms] [WARNING] The 'deprecatedStyle' prop is deprecated. Please use the associated style props instead (e.g. "marginInline", "flex") @ https://sf16-website.neutral.ttwstatic.com/obj/tiktok_web_static/developers/build/vendors/112-afc819ac1f65bb8b-ce27d2c95f2da0f14f95cb08851d62a597491534.js:0
[  660522ms] [WARNING] The 'deprecatedStyle' prop is deprecated. Please use the associated style props instead (e.g. "marginInline", "flex") @ https://sf16-website.neutral.ttwstatic.com/obj/tiktok_web_static/developers/build/vendors/112-afc819ac1f65bb8b-ce27d2c95f2da0f14f95cb08851d62a597491534.js:0
[  660522ms] [WARNING] The 'deprecatedStyle' prop is deprecated. Please use the associated style props instead (e.g. "marginInline", "flex") @ https://sf16-website.neutral.ttwstatic.com/obj/tiktok_web_static/developers/build/vendors/112-afc819ac1f65bb8b-ce27d2c95f2da0f14f95cb08851d62a597491534.js:0
[  719875ms] [WARNING] The 'deprecatedStyle' prop is deprecated. Please use the associated style props instead (e.g. "marginInline", "flex") @ https://sf16-website.neutral.ttwstatic.com/obj/tiktok_web_static/developers/build/vendors/112-afc819ac1f65bb8b-ce27d2c95f2da0f14f95cb08851d62a597491534.js:0
[  719879ms] [WARNING] The 'deprecatedStyle' prop is deprecated. Please use the associated style props instead (e.g. "marginInline", "flex") @ https://sf16-website.neutral.ttwstatic.com/obj/tiktok_web_static/developers/build/vendors/112-afc819ac1f65bb8b-ce27d2c95f2da0f14f95cb08851d62a597491534.js:0
[  719885ms] [WARNING] The 'deprecatedStyle' prop is deprecated. Please use the associated style props instead (e.g. "marginInline", "flex") @ https://sf16-website.neutral.ttwstatic.com/obj/tiktok_web_static/developers/build/vendors/112-afc819ac1f65bb8b-ce27d2c95f2da0f14f95cb08851d62a597491534.js:0
[  719919ms] [WARNING] The 'deprecatedStyle' prop is deprecated. Please use the associated style props instead (e.g. "marginInline", "flex") @ https://sf16-website.neutral.ttwstatic.com/obj/tiktok_web_static/developers/build/vendors/112-afc819ac1f65bb8b-ce27d2c95f2da0f14f95cb08851d62a597491534.js:0
[  719920ms] [WARNING] The 'deprecatedStyle' prop is deprecated. Please use the associated style props instead (e.g. "marginInline", "flex") @ https://sf16-website.neutral.ttwstatic.com/obj/tiktok_web_static/developers/build/vendors/112-afc819ac1f65bb8b-ce27d2c95f2da0f14f95cb08851d62a597491534.js:0
[  719924ms] [WARNING] The 'deprecatedStyle' prop is deprecated. Please use the associated style props instead (e.g. "marginInline", "flex") @ https://sf16-website.neutral.ttwstatic.com/obj/tiktok_web_static/developers/build/vendors/112-afc819ac1f65bb8b-ce27d2c95f2da0f14f95cb08851d62a597491534.js:0
[  721468ms] [WARNING] The 'deprecatedStyle' prop is deprecated. Please use the associated style props instead (e.g. "marginInline", "flex") @ https://sf16-website.neutral.ttwstatic.com/obj/tiktok_web_static/developers/build/vendors/112-afc819ac1f65bb8b-ce27d2c95f2da0f14f95cb08851d62a597491534.js:0
[  721473ms] [WARNING] The 'deprecatedStyle' prop is deprecated. Please use the associated style props instead (e.g. "marginInline", "flex") @ https://sf16-website.neutral.ttwstatic.com/obj/tiktok_web_static/developers/build/vendors/112-afc819ac1f65bb8b-ce27d2c95f2da0f14f95cb08851d62a597491534.js:0
[  721475ms] [WARNING] The 'deprecatedStyle' prop is deprecated. Please use the associated style props instead (e.g. "marginInline", "flex") @ https://sf16-website.neutral.ttwstatic.com/obj/tiktok_web_static/developers/build/vendors/112-afc819ac1f65bb8b-ce27d2c95f2da0f14f95cb08851d62a597491534.js:0
[  721488ms] [WARNING] The 'deprecatedStyle' prop is deprecated. Please use the associated style props instead (e.g. "marginInline", "flex") @ https://sf16-website.neutral.ttwstatic.com/obj/tiktok_web_static/developers/build/vendors/112-afc819ac1f65bb8b-ce27d2c95f2da0f14f95cb08851d62a597491534.js:0
[  721489ms] [WARNING] The 'deprecatedStyle' prop is deprecated. Please use the associated style props instead (e.g. "marginInline", "flex") @ https://sf16-website.neutral.ttwstatic.com/obj/tiktok_web_static/developers/build/vendors/112-afc819ac1f65bb8b-ce27d2c95f2da0f14f95cb08851d62a597491534.js:0
[  721564ms] [WARNING] The 'deprecatedStyle' prop is deprecated. Please use the associated style props instead (e.g. "marginInline", "flex") @ https://sf16-website.neutral.ttwstatic.com/obj/tiktok_web_static/developers/build/vendors/112-afc819ac1f65bb8b-ce27d2c95f2da0f14f95cb08851d62a597491534.js:0
[  721570ms] [WARNING] The 'deprecatedStyle' prop is deprecated. Please use the associated style props instead (e.g. "marginInline", "flex") @ https://sf16-website.neutral.ttwstatic.com/obj/tiktok_web_static/developers/build/vendors/112-afc819ac1f65bb8b-ce27d2c95f2da0f14f95cb08851d62a597491534.js:0
[  721571ms] [WARNING] The 'deprecatedStyle' prop is deprecated. Please use the associated style props instead (e.g. "marginInline", "flex") @ https://sf16-website.neutral.ttwstatic.com/obj/tiktok_web_static/developers/build/vendors/112-afc819ac1f65bb8b-ce27d2c95f2da0f14f95cb08851d62a597491534.js:0
[  721576ms] [WARNING] The 'deprecatedStyle' prop is deprecated. Please use the associated style props instead (e.g. "marginInline", "flex") @ https://sf16-website.neutral.ttwstatic.com/obj/tiktok_web_static/developers/build/vendors/112-afc819ac1f65bb8b-ce27d2c95f2da0f14f95cb08851d62a597491534.js:0
[  721576ms] [WARNING] The 'deprecatedStyle' prop is deprecated. Please use the associated style props instead (e.g. "marginInline", "flex") @ https://sf16-website.neutral.ttwstatic.com/obj/tiktok_web_static/developers/build/vendors/112-afc819ac1f65bb8b-ce27d2c95f2da0f14f95cb08851d62a597491534.js:0
[  721875ms] [WARNING] The 'deprecatedStyle' prop is deprecated. Please use the associated style props instead (e.g. "marginInline", "flex") @ https://sf16-website.neutral.ttwstatic.com/obj/tiktok_web_static/developers/build/vendors/112-afc819ac1f65bb8b-ce27d2c95f2da0f14f95cb08851d62a597491534.js:0
[  721897ms] [WARNING] The 'deprecatedStyle' prop is deprecated. Please use the associated style props instead (e.g. "marginInline", "flex") @ https://sf16-website.neutral.ttwstatic.com/obj/tiktok_web_static/developers/build/vendors/112-afc819ac1f65bb8b-ce27d2c95f2da0f14f95cb08851d62a597491534.js:0
[  721902ms] [WARNING] The 'deprecatedStyle' prop is deprecated. Please use the associated style props instead (e.g. "marginInline", "flex") @ https://sf16-website.neutral.ttwstatic.com/obj/tiktok_web_static/developers/build/vendors/112-afc819ac1f65bb8b-ce27d2c95f2da0f14f95cb08851d62a597491534.js:0
[  721924ms] [WARNING] The 'deprecatedStyle' prop is deprecated. Please use the associated style props instead (e.g. "marginInline", "flex") @ https://sf16-website.neutral.ttwstatic.com/obj/tiktok_web_static/developers/build/vendors/112-afc819ac1f65bb8b-ce27d2c95f2da0f14f95cb08851d62a597491534.js:0
[  721925ms] [WARNING] The 'deprecatedStyle' prop is deprecated. Please use the associated style props instead (e.g. "marginInline", "flex") @ https://sf16-website.neutral.ttwstatic.com/obj/tiktok_web_static/developers/build/vendors/112-afc819ac1f65bb8b-ce27d2c95f2da0f14f95cb08851d62a597491534.js:0
[  722480ms] [WARNING] The 'deprecatedStyle' prop is deprecated. Please use the associated style props instead (e.g. "marginInline", "flex") @ https://sf16-website.neutral.ttwstatic.com/obj/tiktok_web_static/developers/build/vendors/112-afc819ac1f65bb8b-ce27d2c95f2da0f14f95cb08851d62a597491534.js:0
[  722481ms] [WARNING] The 'deprecatedStyle' prop is deprecated. Please use the associated style props instead (e.g. "marginInline", "flex") @ https://sf16-website.neutral.ttwstatic.com/obj/tiktok_web_static/developers/build/vendors/112-afc819ac1f65bb8b-ce27d2c95f2da0f14f95cb08851d62a597491534.js:0
[  726472ms] [WARNING] The 'deprecatedStyle' prop is deprecated. Please use the associated style props instead (e.g. "marginInline", "flex") @ https://sf16-website.neutral.ttwstatic.com/obj/tiktok_web_static/developers/build/vendors/112-afc819ac1f65bb8b-ce27d2c95f2da0f14f95cb08851d62a597491534.js:0
[  726474ms] [WARNING] The 'deprecatedStyle' prop is deprecated. Please use the associated style props instead (e.g. "marginInline", "flex") @ https://sf16-website.neutral.ttwstatic.com/obj/tiktok_web_static/developers/build/vendors/112-afc819ac1f65bb8b-ce27d2c95f2da0f14f95cb08851d62a597491534.js:0
[  726479ms] [WARNING] The 'deprecatedStyle' prop is deprecated. Please use the associated style props instead (e.g. "marginInline", "flex") @ https://sf16-website.neutral.ttwstatic.com/obj/tiktok_web_static/developers/build/vendors/112-afc819ac1f65bb8b-ce27d2c95f2da0f14f95cb08851d62a597491534.js:0
[  726480ms] [WARNING] The 'deprecatedStyle' prop is deprecated. Please use the associated style props instead (e.g. "marginInline", "flex") @ https://sf16-website.neutral.ttwstatic.com/obj/tiktok_web_static/developers/build/vendors/112-afc819ac1f65bb8b-ce27d2c95f2da0f14f95cb08851d62a597491534.js:0
[  726674ms] [WARNING] The 'deprecatedStyle' prop is deprecated. Please use the associated style props instead (e.g. "marginInline", "flex") @ https://sf16-website.neutral.ttwstatic.com/obj/tiktok_web_static/developers/build/vendors/112-afc819ac1f65bb8b-ce27d2c95f2da0f14f95cb08851d62a597491534.js:0
[  726677ms] [WARNING] The 'deprecatedStyle' prop is deprecated. Please use the associated style props instead (e.g. "marginInline", "flex") @ https://sf16-website.neutral.ttwstatic.com/obj/tiktok_web_static/developers/build/vendors/112-afc819ac1f65bb8b-ce27d2c95f2da0f14f95cb08851d62a597491534.js:0
[  726683ms] [WARNING] The 'deprecatedStyle' prop is deprecated. Please use the associated style props instead (e.g. "marginInline", "flex") @ https://sf16-website.neutral.ttwstatic.com/obj/tiktok_web_static/developers/build/vendors/112-afc819ac1f65bb8b-ce27d2c95f2da0f14f95cb08851d62a597491534.js:0
[  726685ms] [WARNING] The 'deprecatedStyle' prop is deprecated. Please use the associated style props instead (e.g. "marginInline", "flex") @ https://sf16-website.neutral.ttwstatic.com/obj/tiktok_web_static/developers/build/vendors/112-afc819ac1f65bb8b-ce27d2c95f2da0f14f95cb08851d62a597491534.js:0
[  774561ms] [WARNING] The 'deprecatedStyle' prop is deprecated. Please use the associated style props instead (e.g. "marginInline", "flex") @ https://sf16-website.neutral.ttwstatic.com/obj/tiktok_web_static/developers/build/vendors/112-afc819ac1f65bb8b-ce27d2c95f2da0f14f95cb08851d62a597491534.js:0
[  774564ms] [WARNING] The 'deprecatedStyle' prop is deprecated. Please use the associated style props instead (e.g. "marginInline", "flex") @ https://sf16-website.neutral.ttwstatic.com/obj/tiktok_web_static/developers/build/vendors/112-afc819ac1f65bb8b-ce27d2c95f2da0f14f95cb08851d62a597491534.js:0
[  774578ms] [WARNING] The 'deprecatedStyle' prop is deprecated. Please use the associated style props instead (e.g. "marginInline", "flex") @ https://sf16-website.neutral.ttwstatic.com/obj/tiktok_web_static/developers/build/vendors/112-afc819ac1f65bb8b-ce27d2c95f2da0f14f95cb08851d62a597491534.js:0
[  774578ms] [WARNING] The 'deprecatedStyle' prop is deprecated. Please use the associated style props instead (e.g. "marginInline", "flex") @ https://sf16-website.neutral.ttwstatic.com/obj/tiktok_web_static/developers/build/vendors/112-afc819ac1f65bb8b-ce27d2c95f2da0f14f95cb08851d62a597491534.js:0
[  774589ms] [WARNING] The 'deprecatedStyle' prop is deprecated. Please use the associated style props instead (e.g. "marginInline", "flex") @ https://sf16-website.neutral.ttwstatic.com/obj/tiktok_web_static/developers/build/vendors/112-afc819ac1f65bb8b-ce27d2c95f2da0f14f95cb08851d62a597491534.js:0
[  774594ms] [WARNING] The 'deprecatedStyle' prop is deprecated. Please use the associated style props instead (e.g. "marginInline", "flex") @ https://sf16-website.neutral.ttwstatic.com/obj/tiktok_web_static/developers/build/vendors/112-afc819ac1f65bb8b-ce27d2c95f2da0f14f95cb08851d62a597491534.js:0
[  774596ms] [WARNING] The 'deprecatedStyle' prop is deprecated. Please use the associated style props instead (e.g. "marginInline", "flex") @ https://sf16-website.neutral.ttwstatic.com/obj/tiktok_web_static/developers/build/vendors/112-afc819ac1f65bb8b-ce27d2c95f2da0f14f95cb08851d62a597491534.js:0
[  774612ms] [WARNING] The 'deprecatedStyle' prop is deprecated. Please use the associated style props instead (e.g. "marginInline", "flex") @ https://sf16-website.neutral.ttwstatic.com/obj/tiktok_web_static/developers/build/vendors/112-afc819ac1f65bb8b-ce27d2c95f2da0f14f95cb08851d62a597491534.js:0
[  774612ms] [WARNING] The 'deprecatedStyle' prop is deprecated. Please use the associated style props instead (e.g. "marginInline", "flex") @ https://sf16-website.neutral.ttwstatic.com/obj/tiktok_web_static/developers/build/vendors/112-afc819ac1f65bb8b-ce27d2c95f2da0f14f95cb08851d62a597491534.js:0
[  798738ms] [WARNING] The 'deprecatedStyle' prop is deprecated. Please use the associated style props instead (e.g. "marginInline", "flex") @ https://sf16-website.neutral.ttwstatic.com/obj/tiktok_web_static/developers/build/vendors/112-afc819ac1f65bb8b-ce27d2c95f2da0f14f95cb08851d62a597491534.js:0
[  798741ms] [WARNING] The 'deprecatedStyle' prop is deprecated. Please use the associated style props instead (e.g. "marginInline", "flex") @ https://sf16-website.neutral.ttwstatic.com/obj/tiktok_web_static/developers/build/vendors/112-afc819ac1f65bb8b-ce27d2c95f2da0f14f95cb08851d62a597491534.js:0
[  798750ms] [WARNING] The 'deprecatedStyle' prop is deprecated. Please use the associated style props instead (e.g. "marginInline", "flex") @ https://sf16-website.neutral.ttwstatic.com/obj/tiktok_web_static/developers/build/vendors/112-afc819ac1f65bb8b-ce27d2c95f2da0f14f95cb08851d62a597491534.js:0
[  798751ms] [WARNING] The 'deprecatedStyle' prop is deprecated. Please use the associated style props instead (e.g. "marginInline", "flex") @ https://sf16-website.neutral.ttwstatic.com/obj/tiktok_web_static/developers/build/vendors/112-afc819ac1f65bb8b-ce27d2c95f2da0f14f95cb08851d62a597491534.js:0
[  829199ms] [WARNING] The 'deprecatedStyle' prop is deprecated. Please use the associated style props instead (e.g. "marginInline", "flex") @ https://sf16-website.neutral.ttwstatic.com/obj/tiktok_web_static/developers/build/vendors/112-afc819ac1f65bb8b-ce27d2c95f2da0f14f95cb08851d62a597491534.js:0
[  829201ms] [WARNING] The 'deprecatedStyle' prop is deprecated. Please use the associated style props instead (e.g. "marginInline", "flex") @ https://sf16-website.neutral.ttwstatic.com/obj/tiktok_web_static/developers/build/vendors/112-afc819ac1f65bb8b-ce27d2c95f2da0f14f95cb08851d62a597491534.js:0
[  829209ms] [WARNING] The 'deprecatedStyle' prop is deprecated. Please use the associated style props instead (e.g. "marginInline", "flex") @ https://sf16-website.neutral.ttwstatic.com/obj/tiktok_web_static/developers/build/vendors/112-afc819ac1f65bb8b-ce27d2c95f2da0f14f95cb08851d62a597491534.js:0
[  829235ms] [WARNING] The 'deprecatedStyle' prop is deprecated. Please use the associated style props instead (e.g. "marginInline", "flex") @ https://sf16-website.neutral.ttwstatic.com/obj/tiktok_web_static/developers/build/vendors/112-afc819ac1f65bb8b-ce27d2c95f2da0f14f95cb08851d62a597491534.js:0
[  829237ms] [WARNING] The 'deprecatedStyle' prop is deprecated. Please use the associated style props instead (e.g. "marginInline", "flex") @ https://sf16-website.neutral.ttwstatic.com/obj/tiktok_web_static/developers/build/vendors/112-afc819ac1f65bb8b-ce27d2c95f2da0f14f95cb08851d62a597491534.js:0
[  829246ms] [WARNING] The 'deprecatedStyle' prop is deprecated. Please use the associated style props instead (e.g. "marginInline", "flex") @ https://sf16-website.neutral.ttwstatic.com/obj/tiktok_web_static/developers/build/vendors/112-afc819ac1f65bb8b-ce27d2c95f2da0f14f95cb08851d62a597491534.js:0
[  830516ms] [WARNING] The 'deprecatedStyle' prop is deprecated. Please use the associated style props instead (e.g. "marginInline", "flex") @ https://sf16-website.neutral.ttwstatic.com/obj/tiktok_web_static/developers/build/vendors/112-afc819ac1f65bb8b-ce27d2c95f2da0f14f95cb08851d62a597491534.js:0
[  830524ms] [WARNING] The 'deprecatedStyle' prop is deprecated. Please use the associated style props instead (e.g. "marginInline", "flex") @ https://sf16-website.neutral.ttwstatic.com/obj/tiktok_web_static/developers/build/vendors/112-afc819ac1f65bb8b-ce27d2c95f2da0f14f95cb08851d62a597491534.js:0
[  830529ms] [WARNING] The 'deprecatedStyle' prop is deprecated. Please use the associated style props instead (e.g. "marginInline", "flex") @ https://sf16-website.neutral.ttwstatic.com/obj/tiktok_web_static/developers/build/vendors/112-afc819ac1f65bb8b-ce27d2c95f2da0f14f95cb08851d62a597491534.js:0
[  830544ms] [WARNING] The 'deprecatedStyle' prop is deprecated. Please use the associated style props instead (e.g. "marginInline", "flex") @ https://sf16-website.neutral.ttwstatic.com/obj/tiktok_web_static/developers/build/vendors/112-afc819ac1f65bb8b-ce27d2c95f2da0f14f95cb08851d62a597491534.js:0
[  830545ms] [WARNING] The 'deprecatedStyle' prop is deprecated. Please use the associated style props instead (e.g. "marginInline", "flex") @ https://sf16-website.neutral.ttwstatic.com/obj/tiktok_web_static/developers/build/vendors/112-afc819ac1f65bb8b-ce27d2c95f2da0f14f95cb08851d62a597491534.js:0
[  830633ms] [WARNING] The 'deprecatedStyle' prop is deprecated. Please use the associated style props instead (e.g. "marginInline", "flex") @ https://sf16-website.neutral.ttwstatic.com/obj/tiktok_web_static/developers/build/vendors/112-afc819ac1f65bb8b-ce27d2c95f2da0f14f95cb08851d62a597491534.js:0
[  830644ms] [WARNING] The 'deprecatedStyle' prop is deprecated. Please use the associated style props instead (e.g. "marginInline", "flex") @ https://sf16-website.neutral.ttwstatic.com/obj/tiktok_web_static/developers/build/vendors/112-afc819ac1f65bb8b-ce27d2c95f2da0f14f95cb08851d62a597491534.js:0
[  830645ms] [WARNING] The 'deprecatedStyle' prop is deprecated. Please use the associated style props instead (e.g. "marginInline", "flex") @ https://sf16-website.neutral.ttwstatic.com/obj/tiktok_web_static/developers/build/vendors/112-afc819ac1f65bb8b-ce27d2c95f2da0f14f95cb08851d62a597491534.js:0
[  830652ms] [WARNING] The 'deprecatedStyle' prop is deprecated. Please use the associated style props instead (e.g. "marginInline", "flex") @ https://sf16-website.neutral.ttwstatic.com/obj/tiktok_web_static/developers/build/vendors/112-afc819ac1f65bb8b-ce27d2c95f2da0f14f95cb08851d62a597491534.js:0
[  830654ms] [WARNING] The 'deprecatedStyle' prop is deprecated. Please use the associated style props instead (e.g. "marginInline", "flex") @ https://sf16-website.neutral.ttwstatic.com/obj/tiktok_web_static/developers/build/vendors/112-afc819ac1f65bb8b-ce27d2c95f2da0f14f95cb08851d62a597491534.js:0
[  830960ms] [WARNING] The 'deprecatedStyle' prop is deprecated. Please use the associated style props instead (e.g. "marginInline", "flex") @ https://sf16-website.neutral.ttwstatic.com/obj/tiktok_web_static/developers/build/vendors/112-afc819ac1f65bb8b-ce27d2c95f2da0f14f95cb08851d62a597491534.js:0
[  830979ms] [WARNING] The 'deprecatedStyle' prop is deprecated. Please use the associated style props instead (e.g. "marginInline", "flex") @ https://sf16-website.neutral.ttwstatic.com/obj/tiktok_web_static/developers/build/vendors/112-afc819ac1f65bb8b-ce27d2c95f2da0f14f95cb08851d62a597491534.js:0
[  830982ms] [WARNING] The 'deprecatedStyle' prop is deprecated. Please use the associated style props instead (e.g. "marginInline", "flex") @ https://sf16-website.neutral.ttwstatic.com/obj/tiktok_web_static/developers/build/vendors/112-afc819ac1f65bb8b-ce27d2c95f2da0f14f95cb08851d62a597491534.js:0
[  830994ms] [WARNING] The 'deprecatedStyle' prop is deprecated. Please use the associated style props instead (e.g. "marginInline", "flex") @ https://sf16-website.neutral.ttwstatic.com/obj/tiktok_web_static/developers/build/vendors/112-afc819ac1f65bb8b-ce27d2c95f2da0f14f95cb08851d62a597491534.js:0
[  830995ms] [WARNING] The 'deprecatedStyle' prop is deprecated. Please use the associated style props instead (e.g. "marginInline", "flex") @ https://sf16-website.neutral.ttwstatic.com/obj/tiktok_web_static/developers/build/vendors/112-afc819ac1f65bb8b-ce27d2c95f2da0f14f95cb08851d62a597491534.js:0
[  831417ms] [WARNING] The 'deprecatedStyle' prop is deprecated. Please use the associated style props instead (e.g. "marginInline", "flex") @ https://sf16-website.neutral.ttwstatic.com/obj/tiktok_web_static/developers/build/vendors/112-afc819ac1f65bb8b-ce27d2c95f2da0f14f95cb08851d62a597491534.js:0
[  831418ms] [WARNING] The 'deprecatedStyle' prop is deprecated. Please use the associated style props instead (e.g. "marginInline", "flex") @ https://sf16-website.neutral.ttwstatic.com/obj/tiktok_web_static/developers/build/vendors/112-afc819ac1f65bb8b-ce27d2c95f2da0f14f95cb08851d62a597491534.js:0
[  835538ms] [WARNING] The 'deprecatedStyle' prop is deprecated. Please use the associated style props instead (e.g. "marginInline", "flex") @ https://sf16-website.neutral.ttwstatic.com/obj/tiktok_web_static/developers/build/vendors/112-afc819ac1f65bb8b-ce27d2c95f2da0f14f95cb08851d62a597491534.js:0
[  835544ms] [WARNING] The 'deprecatedStyle' prop is deprecated. Please use the associated style props instead (e.g. "marginInline", "flex") @ https://sf16-website.neutral.ttwstatic.com/obj/tiktok_web_static/developers/build/vendors/112-afc819ac1f65bb8b-ce27d2c95f2da0f14f95cb08851d62a597491534.js:0
[  835560ms] [WARNING] The 'deprecatedStyle' prop is deprecated. Please use the associated style props instead (e.g. "marginInline", "flex") @ https://sf16-website.neutral.ttwstatic.com/obj/tiktok_web_static/developers/build/vendors/112-afc819ac1f65bb8b-ce27d2c95f2da0f14f95cb08851d62a597491534.js:0
[  835561ms] [WARNING] The 'deprecatedStyle' prop is deprecated. Please use the associated style props instead (e.g. "marginInline", "flex") @ https://sf16-website.neutral.ttwstatic.com/obj/tiktok_web_static/developers/build/vendors/112-afc819ac1f65bb8b-ce27d2c95f2da0f14f95cb08851d62a597491534.js:0
[  835732ms] [WARNING] The 'deprecatedStyle' prop is deprecated. Please use the associated style props instead (e.g. "marginInline", "flex") @ https://sf16-website.neutral.ttwstatic.com/obj/tiktok_web_static/developers/build/vendors/112-afc819ac1f65bb8b-ce27d2c95f2da0f14f95cb08851d62a597491534.js:0
[  835733ms] [WARNING] The 'deprecatedStyle' prop is deprecated. Please use the associated style props instead (e.g. "marginInline", "flex") @ https://sf16-website.neutral.ttwstatic.com/obj/tiktok_web_static/developers/build/vendors/112-afc819ac1f65bb8b-ce27d2c95f2da0f14f95cb08851d62a597491534.js:0
[  835740ms] [WARNING] The 'deprecatedStyle' prop is deprecated. Please use the associated style props instead (e.g. "marginInline", "flex") @ https://sf16-website.neutral.ttwstatic.com/obj/tiktok_web_static/developers/build/vendors/112-afc819ac1f65bb8b-ce27d2c95f2da0f14f95cb08851d62a597491534.js:0
[  835740ms] [WARNING] The 'deprecatedStyle' prop is deprecated. Please use the associated style props instead (e.g. "marginInline", "flex") @ https://sf16-website.neutral.ttwstatic.com/obj/tiktok_web_static/developers/build/vendors/112-afc819ac1f65bb8b-ce27d2c95f2da0f14f95cb08851d62a597491534.js:0
